<?xml version="1.0" encoding="UTF-8"?>
<!-- Generated by org.testng.reporters.JUnitReportReporter -->
<testsuite skipped="0" hostname="kumar-PC" name="com.qa.tests.GetAPITest" tests="2" failures="0" timestamp="07 Dec 2018 19:36:05 GMT" time="2.983" errors="0">
  <testcase name="getAPITest" time="1.776" classname="com.qa.tests.GetAPITest"/>
  <testcase name="getAPITestWithHeaders" time="1.207" classname="com.qa.tests.GetAPITest"/>
</testsuite> <!-- com.qa.tests.GetAPITest -->
